<?xml version="1.0" encoding="UTF-8"?>
<testng-results skipped="0" failed="0" total="1" passed="1">
  <reporter-output>
  </reporter-output>
  <suite name="Command line suite" duration-ms="28" started-at="2016-05-14T16:15:13Z" finished-at="2016-05-14T16:15:13Z">
    <groups>
    </groups>
    <test name="Command line test" duration-ms="28" started-at="2016-05-14T16:15:13Z" finished-at="2016-05-14T16:15:13Z">
      <class name="com.selenium.AppTest">
        <test-method status="PASS" signature="testApp()[pri:0, instance:testApp(com.selenium.AppTest)]" name="testApp" duration-ms="5" started-at="2016-05-14T21:45:13Z" finished-at="2016-05-14T21:45:13Z">
          <reporter-output>
          </reporter-output>
        </test-method> <!-- testApp -->
      </class> <!-- com.selenium.AppTest -->
    </test> <!-- Command line test -->
  </suite> <!-- Command line suite -->
</testng-results>
