<?xml version="1.0" encoding="UTF-8"?>
<testng-results skipped="0" failed="0" total="1" passed="1">
  <reporter-output>
  </reporter-output>
  <suite name="Command line suite" duration-ms="54022" started-at="2016-05-14T16:14:18Z" finished-at="2016-05-14T16:15:12Z">
    <groups>
    </groups>
    <test name="Command line test" duration-ms="54022" started-at="2016-05-14T16:14:18Z" finished-at="2016-05-14T16:15:12Z">
      <class name="com.selenium.TestTes">
        <test-method status="PASS" signature="setup()[pri:0, instance:com.selenium.TestTes@edf4efb]" name="setup" is-config="true" duration-ms="21618" started-at="2016-05-14T21:44:18Z" finished-at="2016-05-14T21:44:40Z">
          <reporter-output>
          </reporter-output>
        </test-method> <!-- setup -->
        <test-method status="PASS" signature="demoTest()[pri:0, instance:com.selenium.TestTes@edf4efb]" name="demoTest" duration-ms="13061" started-at="2016-05-14T21:44:40Z" finished-at="2016-05-14T21:44:53Z">
          <reporter-output>
          </reporter-output>
        </test-method> <!-- demoTest -->
        <test-method status="PASS" signature="quit()[pri:0, instance:com.selenium.TestTes@edf4efb]" name="quit" is-config="true" duration-ms="19317" started-at="2016-05-14T21:44:53Z" finished-at="2016-05-14T21:45:12Z">
          <reporter-output>
          </reporter-output>
        </test-method> <!-- quit -->
      </class> <!-- com.selenium.TestTes -->
    </test> <!-- Command line test -->
  </suite> <!-- Command line suite -->
</testng-results>
